Added Component: Designator=C1(RAD-0.3)
Added Component: Designator=C2(RAD-0.3)
Added Component: Designator=C3(RAD-0.3)
Added Component: Designator=C4(RAD-0.3)
Added Component: Designator=C5(RAD-0.3)
Added Component: Designator=C6(RAD-0.3)
Added Component: Designator=P1(HDR1X2)
Added Component: Designator=P2(HDR1X2)
Added Component: Designator=P3(HDR1X2)
Added Component: Designator=P4(HDR1X2)
Added Component: Designator=P5(HDR1X2)
Added Component: Designator=P6(HDR1X2)
Added Component: Designator=P7(HDR1X10)
Added Component: Designator=Q1(D2PAK)
Added Component: Designator=Q2(D2PAK)
Added Component: Designator=Q3(SOT23_N)
Added Component: Designator=Q4(SOT23_N)
Added Component: Designator=Q5(D2PAK)
Added Component: Designator=Q6(SOT23_N)
Added Component: Designator=Q7(D2PAK)
Added Component: Designator=Q8(SOT23_N)
Added Component: Designator=Q9(D2PAK)
Added Component: Designator=Q10(SOT23_N)
Added Component: Designator=Q11(D2PAK)
Added Component: Designator=Q12(SOT23_N)
Added Component: Designator=R1(1206)
Added Component: Designator=R2(1206)
Added Component: Designator=R3(1206)
Added Component: Designator=R4(1206)
Added Component: Designator=R5(1206)
Added Component: Designator=R6(1206)
Added Component: Designator=R7(1206)
Added Component: Designator=R8(1206)
Added Component: Designator=R9(1206)
Added Component: Designator=R10(1206)
Added Component: Designator=R11(1206)
Added Component: Designator=R12(1206)
Added Component: Designator=R13(1206)
Added Component: Designator=R14(1206)
Added Component: Designator=R15(1206)
Added Component: Designator=R16(1206)
Added Component: Designator=R17(1206)
Added Component: Designator=R18(1206)
Added Component: Designator=R19(1206)
Added Component: Designator=R20(1206)
Added Component: Designator=R21(1206)
Added Component: Designator=R22(1206)
Added Component: Designator=R23(1206)
Added Component: Designator=R24(1206)
Added Component: Designator=R25(1206)
Added Component: Designator=R26(1206)
Added Component: Designator=R27(1206)
Added Component: Designator=R28(1206)
Added Component: Designator=R29(1206)
Added Component: Designator=R30(1206)
Added Component: Designator=U1(DIP-4)
Added Component: Designator=U2(DIP-4)
Added Component: Designator=U3(DIP-4)
Added Component: Designator=U4(DIP-4)
Added Component: Designator=U5(DIP-4)
Added Component: Designator=U6(DIP-4)
Added Pin To Net: NetName=3V3 Pin=P7-2
Added Pin To Net: NetName=3V3 Pin=P7-9
Added Pin To Net: NetName=3V3 Pin=R1-1
Added Pin To Net: NetName=3V3 Pin=R3-1
Added Pin To Net: NetName=3V3 Pin=R11-1
Added Pin To Net: NetName=3V3 Pin=R13-1
Added Pin To Net: NetName=3V3 Pin=R21-1
Added Pin To Net: NetName=3V3 Pin=R23-1
Added Net: Name=3V3
Added Pin To Net: NetName=GND Pin=P7-1
Added Pin To Net: NetName=GND Pin=P7-10
Added Pin To Net: NetName=GND Pin=Q3-2
Added Pin To Net: NetName=GND Pin=Q4-2
Added Pin To Net: NetName=GND Pin=Q6-2
Added Pin To Net: NetName=GND Pin=Q8-2
Added Pin To Net: NetName=GND Pin=Q10-2
Added Pin To Net: NetName=GND Pin=Q12-2
Added Pin To Net: NetName=GND Pin=R9-1
Added Pin To Net: NetName=GND Pin=R10-1
Added Pin To Net: NetName=GND Pin=R17-1
Added Pin To Net: NetName=GND Pin=R20-1
Added Pin To Net: NetName=GND Pin=R27-1
Added Pin To Net: NetName=GND Pin=R30-1
Added Net: Name=GND
Added Pin To Net: NetName=IN_1 Pin=P7-3
Added Pin To Net: NetName=IN_1 Pin=R7-1
Added Net: Name=IN_1
Added Pin To Net: NetName=IN_2 Pin=P7-4
Added Pin To Net: NetName=IN_2 Pin=R18-1
Added Net: Name=IN_2
Added Pin To Net: NetName=IN_3 Pin=P7-5
Added Pin To Net: NetName=IN_3 Pin=R28-1
Added Net: Name=IN_3
Added Pin To Net: NetName=IN_4 Pin=P7-6
Added Pin To Net: NetName=IN_4 Pin=R25-1
Added Net: Name=IN_4
Added Pin To Net: NetName=IN_5 Pin=P7-7
Added Pin To Net: NetName=IN_5 Pin=R15-1
Added Net: Name=IN_5
Added Pin To Net: NetName=IN_6 Pin=P7-8
Added Pin To Net: NetName=IN_6 Pin=R5-1
Added Net: Name=IN_6
Added Pin To Net: NetName=L Pin=C1-1
Added Pin To Net: NetName=L Pin=C2-1
Added Pin To Net: NetName=L Pin=C3-1
Added Pin To Net: NetName=L Pin=C4-1
Added Pin To Net: NetName=L Pin=C5-1
Added Pin To Net: NetName=L Pin=C6-1
Added Pin To Net: NetName=L Pin=Q1-1
Added Pin To Net: NetName=L Pin=Q2-1
Added Pin To Net: NetName=L Pin=Q5-1
Added Pin To Net: NetName=L Pin=Q7-1
Added Pin To Net: NetName=L Pin=Q9-1
Added Pin To Net: NetName=L Pin=Q11-1
Added Net: Name=L
Added Pin To Net: NetName=NetC1_2 Pin=C1-2
Added Pin To Net: NetName=NetC1_2 Pin=R2-1
Added Pin To Net: NetName=NetC1_2 Pin=U1-3
Added Net: Name=NetC1_2
Added Pin To Net: NetName=NetC2_2 Pin=C2-2
Added Pin To Net: NetName=NetC2_2 Pin=R4-1
Added Pin To Net: NetName=NetC2_2 Pin=U2-3
Added Net: Name=NetC2_2
Added Pin To Net: NetName=NetC3_2 Pin=C3-2
Added Pin To Net: NetName=NetC3_2 Pin=R12-1
Added Pin To Net: NetName=NetC3_2 Pin=U3-3
Added Net: Name=NetC3_2
Added Pin To Net: NetName=NetC4_2 Pin=C4-2
Added Pin To Net: NetName=NetC4_2 Pin=R14-1
Added Pin To Net: NetName=NetC4_2 Pin=U4-3
Added Net: Name=NetC4_2
Added Pin To Net: NetName=NetC5_2 Pin=C5-2
Added Pin To Net: NetName=NetC5_2 Pin=R22-1
Added Pin To Net: NetName=NetC5_2 Pin=U5-3
Added Net: Name=NetC5_2
Added Pin To Net: NetName=NetC6_2 Pin=C6-2
Added Pin To Net: NetName=NetC6_2 Pin=R24-1
Added Pin To Net: NetName=NetC6_2 Pin=U6-3
Added Net: Name=NetC6_2
Added Pin To Net: NetName=NetP1_1 Pin=P1-1
Added Pin To Net: NetName=NetP1_1 Pin=Q1-2
Added Pin To Net: NetName=NetP1_1 Pin=R2-2
Added Net: Name=NetP1_1
Added Pin To Net: NetName=NetP2_1 Pin=P2-1
Added Pin To Net: NetName=NetP2_1 Pin=Q2-2
Added Pin To Net: NetName=NetP2_1 Pin=R4-2
Added Net: Name=NetP2_1
Added Pin To Net: NetName=NetP3_1 Pin=P3-1
Added Pin To Net: NetName=NetP3_1 Pin=Q5-2
Added Pin To Net: NetName=NetP3_1 Pin=R12-2
Added Net: Name=NetP3_1
Added Pin To Net: NetName=NetP4_1 Pin=P4-1
Added Pin To Net: NetName=NetP4_1 Pin=Q7-2
Added Pin To Net: NetName=NetP4_1 Pin=R14-2
Added Net: Name=NetP4_1
Added Pin To Net: NetName=NetP5_1 Pin=P5-1
Added Pin To Net: NetName=NetP5_1 Pin=Q9-2
Added Pin To Net: NetName=NetP5_1 Pin=R22-2
Added Net: Name=NetP5_1
Added Pin To Net: NetName=NetP6_1 Pin=P6-1
Added Pin To Net: NetName=NetP6_1 Pin=Q11-2
Added Pin To Net: NetName=NetP6_1 Pin=R24-2
Added Net: Name=NetP6_1
Added Pin To Net: NetName=NetQ1_3 Pin=Q1-3
Added Pin To Net: NetName=NetQ1_3 Pin=R6-2
Added Net: Name=NetQ1_3
Added Pin To Net: NetName=NetQ2_3 Pin=Q2-3
Added Pin To Net: NetName=NetQ2_3 Pin=R8-2
Added Net: Name=NetQ2_3
Added Pin To Net: NetName=NetQ3_1 Pin=Q3-1
Added Pin To Net: NetName=NetQ3_1 Pin=R5-2
Added Pin To Net: NetName=NetQ3_1 Pin=R9-2
Added Net: Name=NetQ3_1
Added Pin To Net: NetName=NetQ3_3 Pin=Q3-3
Added Pin To Net: NetName=NetQ3_3 Pin=U1-2
Added Net: Name=NetQ3_3
Added Pin To Net: NetName=NetQ4_1 Pin=Q4-1
Added Pin To Net: NetName=NetQ4_1 Pin=R7-2
Added Pin To Net: NetName=NetQ4_1 Pin=R10-2
Added Net: Name=NetQ4_1
Added Pin To Net: NetName=NetQ4_3 Pin=Q4-3
Added Pin To Net: NetName=NetQ4_3 Pin=U2-2
Added Net: Name=NetQ4_3
Added Pin To Net: NetName=NetQ5_3 Pin=Q5-3
Added Pin To Net: NetName=NetQ5_3 Pin=R16-2
Added Net: Name=NetQ5_3
Added Pin To Net: NetName=NetQ6_1 Pin=Q6-1
Added Pin To Net: NetName=NetQ6_1 Pin=R15-2
Added Pin To Net: NetName=NetQ6_1 Pin=R17-2
Added Net: Name=NetQ6_1
Added Pin To Net: NetName=NetQ6_3 Pin=Q6-3
Added Pin To Net: NetName=NetQ6_3 Pin=U3-2
Added Net: Name=NetQ6_3
Added Pin To Net: NetName=NetQ7_3 Pin=Q7-3
Added Pin To Net: NetName=NetQ7_3 Pin=R19-2
Added Net: Name=NetQ7_3
Added Pin To Net: NetName=NetQ8_1 Pin=Q8-1
Added Pin To Net: NetName=NetQ8_1 Pin=R18-2
Added Pin To Net: NetName=NetQ8_1 Pin=R20-2
Added Net: Name=NetQ8_1
Added Pin To Net: NetName=NetQ8_3 Pin=Q8-3
Added Pin To Net: NetName=NetQ8_3 Pin=U4-2
Added Net: Name=NetQ8_3
Added Pin To Net: NetName=NetQ9_3 Pin=Q9-3
Added Pin To Net: NetName=NetQ9_3 Pin=R26-2
Added Net: Name=NetQ9_3
Added Pin To Net: NetName=NetQ10_1 Pin=Q10-1
Added Pin To Net: NetName=NetQ10_1 Pin=R25-2
Added Pin To Net: NetName=NetQ10_1 Pin=R27-2
Added Net: Name=NetQ10_1
Added Pin To Net: NetName=NetQ10_3 Pin=Q10-3
Added Pin To Net: NetName=NetQ10_3 Pin=U5-2
Added Net: Name=NetQ10_3
Added Pin To Net: NetName=NetQ11_3 Pin=Q11-3
Added Pin To Net: NetName=NetQ11_3 Pin=R29-2
Added Net: Name=NetQ11_3
Added Pin To Net: NetName=NetQ12_1 Pin=Q12-1
Added Pin To Net: NetName=NetQ12_1 Pin=R28-2
Added Pin To Net: NetName=NetQ12_1 Pin=R30-2
Added Net: Name=NetQ12_1
Added Pin To Net: NetName=NetQ12_3 Pin=Q12-3
Added Pin To Net: NetName=NetQ12_3 Pin=U6-2
Added Net: Name=NetQ12_3
Added Pin To Net: NetName=NetR1_2 Pin=R1-2
Added Pin To Net: NetName=NetR1_2 Pin=U1-1
Added Net: Name=NetR1_2
Added Pin To Net: NetName=NetR3_2 Pin=R3-2
Added Pin To Net: NetName=NetR3_2 Pin=U2-1
Added Net: Name=NetR3_2
Added Pin To Net: NetName=NetR6_1 Pin=R6-1
Added Pin To Net: NetName=NetR6_1 Pin=U1-4
Added Net: Name=NetR6_1
Added Pin To Net: NetName=NetR8_1 Pin=R8-1
Added Pin To Net: NetName=NetR8_1 Pin=U2-4
Added Net: Name=NetR8_1
Added Pin To Net: NetName=NetR11_2 Pin=R11-2
Added Pin To Net: NetName=NetR11_2 Pin=U3-1
Added Net: Name=NetR11_2
Added Pin To Net: NetName=NetR13_2 Pin=R13-2
Added Pin To Net: NetName=NetR13_2 Pin=U4-1
Added Net: Name=NetR13_2
Added Pin To Net: NetName=NetR16_1 Pin=R16-1
Added Pin To Net: NetName=NetR16_1 Pin=U3-4
Added Net: Name=NetR16_1
Added Pin To Net: NetName=NetR19_1 Pin=R19-1
Added Pin To Net: NetName=NetR19_1 Pin=U4-4
Added Net: Name=NetR19_1
Added Pin To Net: NetName=NetR21_2 Pin=R21-2
Added Pin To Net: NetName=NetR21_2 Pin=U5-1
Added Net: Name=NetR21_2
Added Pin To Net: NetName=NetR23_2 Pin=R23-2
Added Pin To Net: NetName=NetR23_2 Pin=U6-1
Added Net: Name=NetR23_2
Added Pin To Net: NetName=NetR26_1 Pin=R26-1
Added Pin To Net: NetName=NetR26_1 Pin=U5-4
Added Net: Name=NetR26_1
Added Pin To Net: NetName=NetR29_1 Pin=R29-1
Added Pin To Net: NetName=NetR29_1 Pin=U6-4
Added Net: Name=NetR29_1
Added Pin To Net: NetName=N Pin=P1-2
Added Pin To Net: NetName=N Pin=P2-2
Added Pin To Net: NetName=N Pin=P3-2
Added Pin To Net: NetName=N Pin=P4-2
Added Pin To Net: NetName=N Pin=P5-2
Added Pin To Net: NetName=N Pin=P6-2
Added Net: Name=N
Added Class: Name=sterowanie_v1_1
Added Room: Name=sterowanie_v1_1
