Change Component Designator: Old Designator=C2 New Designator=C3
Change Component Designator: Old Designator=C2 New Designator=C4
Change Component Designator: Old Designator=P2 New Designator=P3
Change Component Designator: Old Designator=P2 New Designator=P4
Change Component Designator: Old Designator=Q2 New Designator=Q3
Change Component Designator: Old Designator=Q2 New Designator=Q5
Change Component Designator: Old Designator=Q2 New Designator=Q7
Change Component Designator: Old Designator=Q3 New Designator=Q4
Change Component Designator: Old Designator=Q3 New Designator=Q6
Change Component Designator: Old Designator=Q3 New Designator=Q8
Change Component Designator: Old Designator=R2 New Designator=R3
Change Component Designator: Old Designator=R2 New Designator=R11
Change Component Designator: Old Designator=R2 New Designator=R13
Change Component Designator: Old Designator=R3 New Designator=R4
Change Component Designator: Old Designator=R3 New Designator=R5
Change Component Designator: Old Designator=R3 New Designator=R12
Change Component Designator: Old Designator=R3 New Designator=R14
Change Component Designator: Old Designator=R4 New Designator=R6
Change Component Designator: Old Designator=R4 New Designator=R7
Change Component Designator: Old Designator=R4 New Designator=R15
Change Component Designator: Old Designator=R4 New Designator=R18
Change Component Designator: Old Designator=R5 New Designator=R8
Change Component Designator: Old Designator=R5 New Designator=R9
Change Component Designator: Old Designator=R5 New Designator=R16
Change Component Designator: Old Designator=R5 New Designator=R19
Change Component Designator: Old Designator=R6 New Designator=R10
Change Component Designator: Old Designator=R6 New Designator=R17
Change Component Designator: Old Designator=R6 New Designator=R20
Change Component Designator: Old Designator=U2 New Designator=U3
Change Component Designator: Old Designator=U2 New Designator=U4
