Change Component Designator: Old Designator=C4 New Designator=C5
Change Component Designator: Old Designator=C4 New Designator=C6
Change Component Designator: Old Designator=P4 New Designator=P5
Change Component Designator: Old Designator=P4 New Designator=P6
Change Component Designator: Old Designator=Q7 New Designator=Q9
Change Component Designator: Old Designator=Q7 New Designator=Q11
Change Component Designator: Old Designator=Q8 New Designator=Q10
Change Component Designator: Old Designator=Q8 New Designator=Q12
Change Component Designator: Old Designator=R13 New Designator=R21
Change Component Designator: Old Designator=R13 New Designator=R23
Change Component Designator: Old Designator=R14 New Designator=R22
Change Component Designator: Old Designator=R14 New Designator=R24
Change Component Designator: Old Designator=R18 New Designator=R25
Change Component Designator: Old Designator=R18 New Designator=R28
Change Component Designator: Old Designator=R19 New Designator=R26
Change Component Designator: Old Designator=R19 New Designator=R29
Change Component Designator: Old Designator=R20 New Designator=R27
Change Component Designator: Old Designator=R20 New Designator=R30
Change Component Designator: Old Designator=U4 New Designator=U5
Change Component Designator: Old Designator=U4 New Designator=U6
